{"C:\\Users\\Vivek kumar Mishra\\Desktop\\vs program\\WEB DEV\\namaste react\\src\\components\\Header.js": {"path":"C:\\Users\\Vivek kumar Mishra\\Desktop\\vs program\\WEB DEV\\namaste react\\src\\components\\Header.js","statementMap":{"0":{"start":{"line":11,"column":14},"end":{"line":15,"column":1}},"1":{"start":{"line":12,"column":4},"end":{"line":14,"column":8}},"2":{"start":{"line":17,"column":15},"end":{"line":46,"column":1}},"3":{"start":{"line":18,"column":40},"end":{"line":18,"column":55}},"4":{"start":{"line":20,"column":21},"end":{"line":20,"column":44}},"5":{"start":{"line":22,"column":22},"end":{"line":22,"column":60}},"6":{"start":{"line":22,"column":43},"end":{"line":22,"column":59}},"7":{"start":{"line":24,"column":4},"end":{"line":45,"column":6}},"8":{"start":{"line":40,"column":158},"end":{"line":40,"column":178}},"9":{"start":{"line":41,"column":158},"end":{"line":41,"column":177}}},"fnMap":{"0":{"name":"(anonymous_0)","decl":{"start":{"line":11,"column":14},"end":{"line":11,"column":15}},"loc":{"start":{"line":12,"column":4},"end":{"line":14,"column":8}},"line":12},"1":{"name":"(anonymous_1)","decl":{"start":{"line":17,"column":15},"end":{"line":17,"column":16}},"loc":{"start":{"line":17,"column":21},"end":{"line":46,"column":1}},"line":17},"2":{"name":"(anonymous_2)","decl":{"start":{"line":22,"column":34},"end":{"line":22,"column":35}},"loc":{"start":{"line":22,"column":43},"end":{"line":22,"column":59}},"line":22},"3":{"name":"(anonymous_3)","decl":{"start":{"line":40,"column":152},"end":{"line":40,"column":153}},"loc":{"start":{"line":40,"column":158},"end":{"line":40,"column":178}},"line":40},"4":{"name":"(anonymous_4)","decl":{"start":{"line":41,"column":152},"end":{"line":41,"column":153}},"loc":{"start":{"line":41,"column":158},"end":{"line":41,"column":177}},"line":41}},"branchMap":{"0":{"loc":{"start":{"line":39,"column":17},"end":{"line":41,"column":194}},"type":"cond-expr","locations":[{"start":{"line":40,"column":21},"end":{"line":40,"column":195}},{"start":{"line":41,"column":21},"end":{"line":41,"column":193}}],"line":39}},"s":{"0":1,"1":2,"2":1,"3":3,"4":2,"5":2,"6":4,"7":2,"8":0,"9":0},"f":{"0":2,"1":3,"2":4,"3":0,"4":0},"b":{"0":[0,2]},"_coverageSchema":"1a1c01bbd47fc00a2c39e90264f33305004495a9","hash":"7d509a46fd2d1605155e615e7504eb855f212fe7"}
,"C:\\Users\\Vivek kumar Mishra\\Desktop\\vs program\\WEB DEV\\namaste react\\src\\utils\\store.js": {"path":"C:\\Users\\Vivek kumar Mishra\\Desktop\\vs program\\WEB DEV\\namaste react\\src\\utils\\store.js","statementMap":{"0":{"start":{"line":3,"column":14},"end":{"line":7,"column":2}}},"fnMap":{},"branchMap":{},"s":{"0":1},"f":{},"b":{},"_coverageSchema":"1a1c01bbd47fc00a2c39e90264f33305004495a9","hash":"5068313746f82b2e9580eb62793b71278cc86d6e"}
}
